current directory: /var/www/rails/Monochrogram/shared/bundle/ruby/2.6.0/gems/mysql2-0.4.10/ext/mysql2
/home/base1551/.rbenv/versions/2.6.3/bin/ruby -I /home/base1551/.rbenv/versions/2.6.3/lib/ruby/2.6.0 -r ./siteconf20200112-32094-2yyxhp.rb extconf.rb
checking for rb_absint_size()... yes
checking for rb_absint_singlebit_p()... yes
checking for ruby/thread.h... yes
checking for rb_thread_call_without_gvl() in ruby/thread.h... yes
checking for rb_thread_blocking_region()... no
checking for rb_wait_for_single_fd()... yes
checking for rb_hash_dup()... yes
checking for rb_intern3()... yes
checking for rb_big_cmp()... yes
-----
Using mysql_config at /usr/bin/mysql_config
-----
checking for mysql.h... yes
checking for errmsg.h... yes
checking for SSL_MODE_DISABLED in mysql.h... yes
checking for SSL_MODE_PREFERRED in mysql.h... yes
checking for SSL_MODE_REQUIRED in mysql.h... yes
checking for SSL_MODE_VERIFY_CA in mysql.h... yes
checking for SSL_MODE_VERIFY_IDENTITY in mysql.h... yes
checking for MYSQL.net.vio in mysql.h... yes
checking for MYSQL.net.pvio in mysql.h... no
checking for MYSQL_ENABLE_CLEARTEXT_PLUGIN in mysql.h... yes
-----
Setting libpath to /usr/lib64/mysql
-----
creating Makefile

current directory: /var/www/rails/Monochrogram/shared/bundle/ruby/2.6.0/gems/mysql2-0.4.10/ext/mysql2
make "DESTDIR=" clean

current directory: /var/www/rails/Monochrogram/shared/bundle/ruby/2.6.0/gems/mysql2-0.4.10/ext/mysql2
make "DESTDIR="
compiling client.c
compiling infile.c
compiling mysql2_ext.c
compiling result.c
result.c: 関数 ‘rb_mysql_result_alloc_result_buffers’ 内:
result.c:326:40: 警告: 互換性のないポインタ型からの代入です [-Wincompatible-pointer-types]
     wrapper->result_buffers[i].is_null = &wrapper->is_null[i];
                                        ^
result.c:328:40: 警告: 互換性のないポインタ型からの代入です [-Wincompatible-pointer-types]
     wrapper->result_buffers[i].error   = &wrapper->error[i];
                                        ^
result.c: トップレベル:
cc1: 警告: 認識できないコマンドラインオプション ‘-Wno-used-but-marked-unused’ です
cc1: 警告: 認識できないコマンドラインオプション ‘-Wno-static-in-inline’ です
cc1: 警告: 認識できないコマンドラインオプション ‘-Wno-reserved-id-macro’ です
cc1: 警告: 認識できないコマンドラインオプション ‘-Wno-missing-variable-declarations’ です
cc1: 警告: 認識できないコマンドラインオプション ‘-Wno-documentation-unknown-command’ です
cc1: 警告: 認識できないコマンドラインオプション ‘-Wno-disabled-macro-expansion’ です
cc1: 警告: 認識できないコマンドラインオプション ‘-Wno-covered-switch-default’ です
cc1: 警告: 認識できないコマンドラインオプション ‘-Wno-conditional-uninitialized’ です
cc1: 警告: 認識できないコマンドラインオプション ‘-Wno-self-assign’ です
cc1: 警告: 認識できないコマンドラインオプション ‘-Wno-parentheses-equality’ です
cc1: 警告: 認識できないコマンドラインオプション ‘-Wno-constant-logical-operand’ です
cc1: 警告: 認識できないコマンドラインオプション ‘-Wno-cast-function-type’ です
compiling statement.c
linking shared-object mysql2/mysql2.so

current directory: /var/www/rails/Monochrogram/shared/bundle/ruby/2.6.0/gems/mysql2-0.4.10/ext/mysql2
make "DESTDIR=" install
/usr/bin/install -c -m 0755 mysql2.so ./.gem.20200112-32094-k4xfor/mysql2
